{"/home/alexandre/opensource/Moleculer-Transport-AmazonSQS/src/sqs.js": {"path":"/home/alexandre/opensource/Moleculer-Transport-AmazonSQS/src/sqs.js","all":false,"statementMap":{"0":{"start":{"line":1,"column":0},"end":{"line":1,"column":63}},"1":{"start":{"line":2,"column":0},"end":{"line":2,"column":31}},"2":{"start":{"line":3,"column":0},"end":{"line":3,"column":0}},"3":{"start":{"line":4,"column":0},"end":{"line":4,"column":46}},"4":{"start":{"line":5,"column":0},"end":{"line":5,"column":23}},"5":{"start":{"line":6,"column":0},"end":{"line":6,"column":20}},"6":{"start":{"line":7,"column":0},"end":{"line":7,"column":26}},"7":{"start":{"line":8,"column":0},"end":{"line":8,"column":63}},"8":{"start":{"line":9,"column":0},"end":{"line":9,"column":25}},"9":{"start":{"line":10,"column":0},"end":{"line":10,"column":7}},"10":{"start":{"line":11,"column":0},"end":{"line":11,"column":8}},"11":{"start":{"line":12,"column":0},"end":{"line":12,"column":5}},"12":{"start":{"line":13,"column":0},"end":{"line":13,"column":16}},"13":{"start":{"line":14,"column":0},"end":{"line":14,"column":71}},"14":{"start":{"line":15,"column":0},"end":{"line":15,"column":5}},"15":{"start":{"line":16,"column":0},"end":{"line":16,"column":0}},"16":{"start":{"line":17,"column":0},"end":{"line":17,"column":5}},"17":{"start":{"line":18,"column":0},"end":{"line":18,"column":26}},"18":{"start":{"line":19,"column":0},"end":{"line":19,"column":3}},"19":{"start":{"line":20,"column":0},"end":{"line":20,"column":23}},"20":{"start":{"line":21,"column":0},"end":{"line":21,"column":3}},"21":{"start":{"line":22,"column":0},"end":{"line":22,"column":30}},"22":{"start":{"line":23,"column":0},"end":{"line":23,"column":4}},"23":{"start":{"line":24,"column":0},"end":{"line":24,"column":35}},"24":{"start":{"line":25,"column":0},"end":{"line":25,"column":12}},"25":{"start":{"line":26,"column":0},"end":{"line":26,"column":47}},"26":{"start":{"line":27,"column":0},"end":{"line":27,"column":104}},"27":{"start":{"line":28,"column":0},"end":{"line":28,"column":60}},"28":{"start":{"line":29,"column":0},"end":{"line":29,"column":17}},"29":{"start":{"line":30,"column":0},"end":{"line":30,"column":66}},"30":{"start":{"line":31,"column":0},"end":{"line":31,"column":26}},"31":{"start":{"line":32,"column":0},"end":{"line":32,"column":43}},"32":{"start":{"line":33,"column":0},"end":{"line":33,"column":27}},"33":{"start":{"line":34,"column":0},"end":{"line":34,"column":17}},"34":{"start":{"line":35,"column":0},"end":{"line":35,"column":36}},"35":{"start":{"line":36,"column":0},"end":{"line":36,"column":54}},"36":{"start":{"line":37,"column":0},"end":{"line":37,"column":78}},"37":{"start":{"line":38,"column":0},"end":{"line":38,"column":69}},"38":{"start":{"line":39,"column":0},"end":{"line":39,"column":23}},"39":{"start":{"line":40,"column":0},"end":{"line":40,"column":17}},"40":{"start":{"line":41,"column":0},"end":{"line":41,"column":25}},"41":{"start":{"line":42,"column":0},"end":{"line":42,"column":12}},"42":{"start":{"line":43,"column":0},"end":{"line":43,"column":11}},"43":{"start":{"line":44,"column":0},"end":{"line":44,"column":25}},"44":{"start":{"line":45,"column":0},"end":{"line":45,"column":35}},"45":{"start":{"line":46,"column":0},"end":{"line":46,"column":9}},"46":{"start":{"line":47,"column":0},"end":{"line":47,"column":5}},"47":{"start":{"line":48,"column":0},"end":{"line":48,"column":4}},"48":{"start":{"line":49,"column":0},"end":{"line":49,"column":4}},"49":{"start":{"line":50,"column":0},"end":{"line":50,"column":29}},"50":{"start":{"line":51,"column":0},"end":{"line":51,"column":13}},"51":{"start":{"line":52,"column":0},"end":{"line":52,"column":59}},"52":{"start":{"line":53,"column":0},"end":{"line":53,"column":83}},"53":{"start":{"line":54,"column":0},"end":{"line":54,"column":28}},"54":{"start":{"line":55,"column":0},"end":{"line":55,"column":37}},"55":{"start":{"line":56,"column":0},"end":{"line":56,"column":24}},"56":{"start":{"line":57,"column":0},"end":{"line":57,"column":13}},"57":{"start":{"line":58,"column":0},"end":{"line":58,"column":69}},"58":{"start":{"line":59,"column":0},"end":{"line":59,"column":26}},"59":{"start":{"line":60,"column":0},"end":{"line":60,"column":29}},"60":{"start":{"line":61,"column":0},"end":{"line":61,"column":24}},"61":{"start":{"line":62,"column":0},"end":{"line":62,"column":40}},"62":{"start":{"line":63,"column":0},"end":{"line":63,"column":17}},"63":{"start":{"line":64,"column":0},"end":{"line":64,"column":27}},"64":{"start":{"line":65,"column":0},"end":{"line":65,"column":13}},"65":{"start":{"line":66,"column":0},"end":{"line":66,"column":25}},"66":{"start":{"line":67,"column":0},"end":{"line":67,"column":35}},"67":{"start":{"line":68,"column":0},"end":{"line":68,"column":9}},"68":{"start":{"line":69,"column":0},"end":{"line":69,"column":5}},"69":{"start":{"line":70,"column":0},"end":{"line":70,"column":4}},"70":{"start":{"line":71,"column":0},"end":{"line":71,"column":18}},"71":{"start":{"line":72,"column":0},"end":{"line":72,"column":44}},"72":{"start":{"line":73,"column":0},"end":{"line":73,"column":50}},"73":{"start":{"line":74,"column":0},"end":{"line":74,"column":9}},"74":{"start":{"line":75,"column":0},"end":{"line":75,"column":48}},"75":{"start":{"line":76,"column":0},"end":{"line":76,"column":54}},"76":{"start":{"line":77,"column":0},"end":{"line":77,"column":9}},"77":{"start":{"line":78,"column":0},"end":{"line":78,"column":5}},"78":{"start":{"line":79,"column":0},"end":{"line":79,"column":0}},"79":{"start":{"line":80,"column":0},"end":{"line":80,"column":5}},"80":{"start":{"line":81,"column":0},"end":{"line":81,"column":0}},"81":{"start":{"line":82,"column":0},"end":{"line":82,"column":0}},"82":{"start":{"line":83,"column":0},"end":{"line":83,"column":21}},"83":{"start":{"line":84,"column":0},"end":{"line":84,"column":16}},"84":{"start":{"line":85,"column":0},"end":{"line":85,"column":29}},"85":{"start":{"line":86,"column":0},"end":{"line":86,"column":21}},"86":{"start":{"line":87,"column":0},"end":{"line":87,"column":14}},"87":{"start":{"line":88,"column":0},"end":{"line":88,"column":36}},"88":{"start":{"line":89,"column":0},"end":{"line":89,"column":36}},"89":{"start":{"line":90,"column":0},"end":{"line":90,"column":21}},"90":{"start":{"line":91,"column":0},"end":{"line":91,"column":14}},"91":{"start":{"line":92,"column":0},"end":{"line":92,"column":34}},"92":{"start":{"line":93,"column":0},"end":{"line":93,"column":30}},"93":{"start":{"line":94,"column":0},"end":{"line":94,"column":9}},"94":{"start":{"line":95,"column":0},"end":{"line":95,"column":5}},"95":{"start":{"line":96,"column":0},"end":{"line":96,"column":0}},"96":{"start":{"line":97,"column":0},"end":{"line":97,"column":34}},"97":{"start":{"line":98,"column":0},"end":{"line":98,"column":57}},"98":{"start":{"line":99,"column":0},"end":{"line":99,"column":22}},"99":{"start":{"line":100,"column":0},"end":{"line":100,"column":21}},"100":{"start":{"line":101,"column":0},"end":{"line":101,"column":10}},"101":{"start":{"line":102,"column":0},"end":{"line":102,"column":13}},"102":{"start":{"line":103,"column":0},"end":{"line":103,"column":65}},"103":{"start":{"line":104,"column":0},"end":{"line":104,"column":28}},"104":{"start":{"line":105,"column":0},"end":{"line":105,"column":0}},"105":{"start":{"line":106,"column":0},"end":{"line":106,"column":25}},"106":{"start":{"line":107,"column":0},"end":{"line":107,"column":80}},"107":{"start":{"line":108,"column":0},"end":{"line":108,"column":22}},"108":{"start":{"line":109,"column":0},"end":{"line":109,"column":27}},"109":{"start":{"line":110,"column":0},"end":{"line":110,"column":13}},"110":{"start":{"line":111,"column":0},"end":{"line":111,"column":33}},"111":{"start":{"line":112,"column":0},"end":{"line":112,"column":21}},"112":{"start":{"line":113,"column":0},"end":{"line":113,"column":0}},"113":{"start":{"line":114,"column":0},"end":{"line":114,"column":15}},"114":{"start":{"line":115,"column":0},"end":{"line":115,"column":24}},"115":{"start":{"line":116,"column":0},"end":{"line":116,"column":8}},"116":{"start":{"line":117,"column":0},"end":{"line":117,"column":5}},"117":{"start":{"line":118,"column":0},"end":{"line":118,"column":5}},"118":{"start":{"line":119,"column":0},"end":{"line":119,"column":68}},"119":{"start":{"line":120,"column":0},"end":{"line":120,"column":0}},"120":{"start":{"line":121,"column":0},"end":{"line":121,"column":26}},"121":{"start":{"line":122,"column":0},"end":{"line":122,"column":0}},"122":{"start":{"line":123,"column":0},"end":{"line":123,"column":20}},"123":{"start":{"line":124,"column":0},"end":{"line":124,"column":8}},"124":{"start":{"line":125,"column":0},"end":{"line":125,"column":0}},"125":{"start":{"line":126,"column":0},"end":{"line":126,"column":5}},"126":{"start":{"line":127,"column":0},"end":{"line":127,"column":0}},"127":{"start":{"line":128,"column":0},"end":{"line":128,"column":29}},"128":{"start":{"line":129,"column":0},"end":{"line":129,"column":0}},"129":{"start":{"line":130,"column":0},"end":{"line":130,"column":61}},"130":{"start":{"line":131,"column":0},"end":{"line":131,"column":22}},"131":{"start":{"line":132,"column":0},"end":{"line":132,"column":28}},"132":{"start":{"line":133,"column":0},"end":{"line":133,"column":13}},"133":{"start":{"line":134,"column":0},"end":{"line":134,"column":33}},"134":{"start":{"line":135,"column":0},"end":{"line":135,"column":9}},"135":{"start":{"line":136,"column":0},"end":{"line":136,"column":20}},"136":{"start":{"line":137,"column":0},"end":{"line":137,"column":5}},"137":{"start":{"line":138,"column":0},"end":{"line":138,"column":0}},"138":{"start":{"line":139,"column":0},"end":{"line":139,"column":27}},"139":{"start":{"line":140,"column":0},"end":{"line":140,"column":41}},"140":{"start":{"line":141,"column":0},"end":{"line":141,"column":5}},"141":{"start":{"line":142,"column":0},"end":{"line":142,"column":1}},"142":{"start":{"line":143,"column":0},"end":{"line":143,"column":0}},"143":{"start":{"line":144,"column":0},"end":{"line":144,"column":32}}},"s":{"0":1,"1":1,"2":1,"3":1,"4":1,"5":1,"6":1,"7":1,"8":1,"9":1,"10":1,"11":1,"12":1,"13":2,"14":2,"15":1,"16":1,"17":1,"18":1,"19":1,"20":1,"21":1,"22":1,"23":1,"24":2,"25":2,"26":2,"27":2,"28":2,"29":2,"30":4,"31":0,"32":0,"33":0,"34":4,"35":0,"36":0,"37":0,"38":0,"39":0,"40":2,"41":2,"42":2,"43":2,"44":0,"45":0,"46":2,"47":1,"48":1,"49":1,"50":1,"51":1,"52":1,"53":1,"54":1,"55":1,"56":1,"57":1,"58":1,"59":0,"60":1,"61":1,"62":1,"63":1,"64":1,"65":1,"66":0,"67":0,"68":1,"69":1,"70":1,"71":1,"72":0,"73":0,"74":1,"75":0,"76":0,"77":1,"78":1,"79":1,"80":1,"81":1,"82":1,"83":2,"84":2,"85":2,"86":2,"87":2,"88":2,"89":2,"90":2,"91":2,"92":2,"93":2,"94":2,"95":1,"96":1,"97":3,"98":3,"99":3,"100":3,"101":3,"102":3,"103":3,"104":3,"105":3,"106":0,"107":0,"108":0,"109":0,"110":0,"111":0,"112":0,"113":0,"114":0,"115":0,"116":0,"117":3,"118":3,"119":3,"120":3,"121":3,"122":3,"123":3,"124":3,"125":3,"126":1,"127":1,"128":3,"129":3,"130":6,"131":0,"132":0,"133":6,"134":6,"135":3,"136":3,"137":1,"138":1,"139":3,"140":3,"141":1,"142":1,"143":1},"branchMap":{"0":{"type":"branch","line":5,"loc":{"start":{"line":5,"column":4},"end":{"line":12,"column":5}},"locations":[{"start":{"line":5,"column":4},"end":{"line":12,"column":5}}]},"1":{"type":"branch","line":13,"loc":{"start":{"line":13,"column":4},"end":{"line":15,"column":5}},"locations":[{"start":{"line":13,"column":4},"end":{"line":15,"column":5}}]},"2":{"type":"branch","line":24,"loc":{"start":{"line":24,"column":20},"end":{"line":47,"column":5}},"locations":[{"start":{"line":24,"column":20},"end":{"line":47,"column":5}}]},"3":{"type":"branch","line":27,"loc":{"start":{"line":27,"column":27},"end":{"line":27,"column":84}},"locations":[{"start":{"line":27,"column":27},"end":{"line":27,"column":84}}]},"4":{"type":"branch","line":44,"loc":{"start":{"line":44,"column":10},"end":{"line":46,"column":9}},"locations":[{"start":{"line":44,"column":10},"end":{"line":46,"column":9}}]},"5":{"type":"branch","line":30,"loc":{"start":{"line":30,"column":50},"end":{"line":41,"column":15}},"locations":[{"start":{"line":30,"column":50},"end":{"line":41,"column":15}}]},"6":{"type":"branch","line":31,"loc":{"start":{"line":31,"column":25},"end":{"line":34,"column":17}},"locations":[{"start":{"line":31,"column":25},"end":{"line":34,"column":17}}]},"7":{"type":"branch","line":35,"loc":{"start":{"line":35,"column":35},"end":{"line":40,"column":17}},"locations":[{"start":{"line":35,"column":35},"end":{"line":40,"column":17}}]},"8":{"type":"branch","line":50,"loc":{"start":{"line":50,"column":14},"end":{"line":69,"column":5}},"locations":[{"start":{"line":50,"column":14},"end":{"line":69,"column":5}}]},"9":{"type":"branch","line":53,"loc":{"start":{"line":53,"column":28},"end":{"line":53,"column":62}},"locations":[{"start":{"line":53,"column":28},"end":{"line":53,"column":62}}]},"10":{"type":"branch","line":66,"loc":{"start":{"line":66,"column":10},"end":{"line":68,"column":9}},"locations":[{"start":{"line":66,"column":10},"end":{"line":68,"column":9}}]},"11":{"type":"branch","line":58,"loc":{"start":{"line":58,"column":48},"end":{"line":64,"column":17}},"locations":[{"start":{"line":58,"column":48},"end":{"line":64,"column":17}}]},"12":{"type":"branch","line":59,"loc":{"start":{"line":59,"column":25},"end":{"line":61,"column":23}},"locations":[{"start":{"line":59,"column":25},"end":{"line":61,"column":23}}]},"13":{"type":"branch","line":71,"loc":{"start":{"line":71,"column":4},"end":{"line":80,"column":5}},"locations":[{"start":{"line":71,"column":4},"end":{"line":80,"column":5}}]},"14":{"type":"branch","line":72,"loc":{"start":{"line":72,"column":43},"end":{"line":74,"column":9}},"locations":[{"start":{"line":72,"column":43},"end":{"line":74,"column":9}}]},"15":{"type":"branch","line":75,"loc":{"start":{"line":75,"column":47},"end":{"line":77,"column":9}},"locations":[{"start":{"line":75,"column":47},"end":{"line":77,"column":9}}]},"16":{"type":"branch","line":83,"loc":{"start":{"line":83,"column":4},"end":{"line":95,"column":5}},"locations":[{"start":{"line":83,"column":4},"end":{"line":95,"column":5}}]},"17":{"type":"branch","line":97,"loc":{"start":{"line":97,"column":21},"end":{"line":126,"column":5}},"locations":[{"start":{"line":97,"column":21},"end":{"line":126,"column":5}}]},"18":{"type":"branch","line":106,"loc":{"start":{"line":106,"column":10},"end":{"line":117,"column":5}},"locations":[{"start":{"line":106,"column":10},"end":{"line":117,"column":5}}]},"19":{"type":"branch","line":128,"loc":{"start":{"line":128,"column":19},"end":{"line":137,"column":5}},"locations":[{"start":{"line":128,"column":19},"end":{"line":137,"column":5}}]},"20":{"type":"branch","line":130,"loc":{"start":{"line":130,"column":45},"end":{"line":135,"column":9}},"locations":[{"start":{"line":130,"column":45},"end":{"line":135,"column":9}}]},"21":{"type":"branch","line":131,"loc":{"start":{"line":131,"column":21},"end":{"line":133,"column":13}},"locations":[{"start":{"line":131,"column":21},"end":{"line":133,"column":13}}]},"22":{"type":"branch","line":139,"loc":{"start":{"line":139,"column":4},"end":{"line":141,"column":5}},"locations":[{"start":{"line":139,"column":4},"end":{"line":141,"column":5}}]}},"b":{"0":[1],"1":[2],"2":[2],"3":[0],"4":[0],"5":[4],"6":[0],"7":[0],"8":[1],"9":[0],"10":[0],"11":[1],"12":[0],"13":[1],"14":[0],"15":[0],"16":[2],"17":[3],"18":[0],"19":[3],"20":[6],"21":[0],"22":[3]},"fnMap":{"0":{"name":"SQSTransporter","decl":{"start":{"line":5,"column":4},"end":{"line":12,"column":5}},"loc":{"start":{"line":5,"column":4},"end":{"line":12,"column":5}},"line":5},"1":{"name":"connect","decl":{"start":{"line":13,"column":4},"end":{"line":15,"column":5}},"loc":{"start":{"line":13,"column":4},"end":{"line":15,"column":5}},"line":13},"2":{"name":"subscribe","decl":{"start":{"line":24,"column":20},"end":{"line":47,"column":5}},"loc":{"start":{"line":24,"column":20},"end":{"line":47,"column":5}},"line":24},"3":{"name":"send","decl":{"start":{"line":50,"column":14},"end":{"line":69,"column":5}},"loc":{"start":{"line":50,"column":14},"end":{"line":69,"column":5}},"line":50},"4":{"name":"verify","decl":{"start":{"line":71,"column":4},"end":{"line":80,"column":5}},"loc":{"start":{"line":71,"column":4},"end":{"line":80,"column":5}},"line":71},"5":{"name":"defaultParams","decl":{"start":{"line":83,"column":4},"end":{"line":95,"column":5}},"loc":{"start":{"line":83,"column":4},"end":{"line":95,"column":5}},"line":83},"6":{"name":"createQueue","decl":{"start":{"line":97,"column":21},"end":{"line":126,"column":5}},"loc":{"start":{"line":97,"column":21},"end":{"line":126,"column":5}},"line":97},"7":{"name":"findQueue","decl":{"start":{"line":128,"column":19},"end":{"line":137,"column":5}},"loc":{"start":{"line":128,"column":19},"end":{"line":137,"column":5}},"line":128},"8":{"name":"cleartopicName","decl":{"start":{"line":139,"column":4},"end":{"line":141,"column":5}},"loc":{"start":{"line":139,"column":4},"end":{"line":141,"column":5}},"line":139}},"f":{"0":1,"1":2,"2":2,"3":1,"4":1,"5":2,"6":3,"7":3,"8":3}}
}
