TN:
SF:src/sqs.js
FN:5,SQSTransporter
FN:13,connect
FN:24,subscribe
FN:50,send
FN:71,verify
FN:83,defaultParams
FN:97,createQueue
FN:128,findQueue
FN:139,cleartopicName
FNF:9
FNH:9
FNDA:1,SQSTransporter
FNDA:2,connect
FNDA:2,subscribe
FNDA:1,send
FNDA:1,verify
FNDA:2,defaultParams
FNDA:3,createQueue
FNDA:3,findQueue
FNDA:3,cleartopicName
DA:1,1
DA:2,1
DA:3,1
DA:4,1
DA:5,1
DA:6,1
DA:7,1
DA:8,1
DA:9,1
DA:10,1
DA:11,1
DA:12,1
DA:13,1
DA:14,2
DA:15,2
DA:16,1
DA:17,1
DA:18,1
DA:19,1
DA:20,1
DA:21,1
DA:22,1
DA:23,1
DA:24,1
DA:25,2
DA:26,2
DA:27,2
DA:28,2
DA:29,2
DA:30,2
DA:31,4
DA:32,0
DA:33,0
DA:34,0
DA:35,4
DA:36,0
DA:37,0
DA:38,0
DA:39,0
DA:40,0
DA:41,2
DA:42,2
DA:43,2
DA:44,2
DA:45,0
DA:46,0
DA:47,2
DA:48,1
DA:49,1
DA:50,1
DA:51,1
DA:52,1
DA:53,1
DA:54,1
DA:55,1
DA:56,1
DA:57,1
DA:58,1
DA:59,1
DA:60,0
DA:61,1
DA:62,1
DA:63,1
DA:64,1
DA:65,1
DA:66,1
DA:67,0
DA:68,0
DA:69,1
DA:70,1
DA:71,1
DA:72,1
DA:73,0
DA:74,0
DA:75,1
DA:76,0
DA:77,0
DA:78,1
DA:79,1
DA:80,1
DA:81,1
DA:82,1
DA:83,1
DA:84,2
DA:85,2
DA:86,2
DA:87,2
DA:88,2
DA:89,2
DA:90,2
DA:91,2
DA:92,2
DA:93,2
DA:94,2
DA:95,2
DA:96,1
DA:97,1
DA:98,3
DA:99,3
DA:100,3
DA:101,3
DA:102,3
DA:103,3
DA:104,3
DA:105,3
DA:106,3
DA:107,0
DA:108,0
DA:109,0
DA:110,0
DA:111,0
DA:112,0
DA:113,0
DA:114,0
DA:115,0
DA:116,0
DA:117,0
DA:118,3
DA:119,3
DA:120,3
DA:121,3
DA:122,3
DA:123,3
DA:124,3
DA:125,3
DA:126,3
DA:127,1
DA:128,1
DA:129,3
DA:130,3
DA:131,6
DA:132,0
DA:133,0
DA:134,6
DA:135,6
DA:136,3
DA:137,3
DA:138,1
DA:139,1
DA:140,3
DA:141,3
DA:142,1
DA:143,1
DA:144,1
LF:144
LH:114
BRDA:5,0,0,1
BRDA:13,1,0,2
BRDA:24,2,0,2
BRDA:27,3,0,0
BRDA:44,4,0,0
BRDA:30,5,0,4
BRDA:31,6,0,0
BRDA:35,7,0,0
BRDA:50,8,0,1
BRDA:53,9,0,0
BRDA:66,10,0,0
BRDA:58,11,0,1
BRDA:59,12,0,0
BRDA:71,13,0,1
BRDA:72,14,0,0
BRDA:75,15,0,0
BRDA:83,16,0,2
BRDA:97,17,0,3
BRDA:106,18,0,0
BRDA:128,19,0,3
BRDA:130,20,0,6
BRDA:131,21,0,0
BRDA:139,22,0,3
BRF:23
BRH:12
end_of_record
